<?xml version="1.0" encoding="UTF-8"?>
<!-- Generated by org.testng.reporters.JUnitReportReporter -->
<testsuite hostname="SARANG" failures="0" tests="2" name="testngtest.OrangeTest" time="0.013" errors="0" timestamp="2024-11-03T09:51:21 IST" skipped="1">
  <testcase classname="testngtest.OrangeTest" name="adminLogout" time="0.013"/>
  <system-out>
    <![CDATA[Completed]]>
  </system-out>
  <testcase classname="testngtest.OrangeTest" name="adminLogin">
    <skipped/>
  </testcase> <!-- adminLogin -->
  <system-out/>
</testsuite> <!-- testngtest.OrangeTest -->
